{"C:\\ggg\\d04\\e-bookstore\\src\\tools.ts": {"path":"C:\\ggg\\d04\\e-bookstore\\src\\tools.ts","all":false,"statementMap":{"0":{"start":{"line":1,"column":0},"end":{"line":1,"column":3}},"1":{"start":{"line":2,"column":0},"end":{"line":2,"column":50}},"2":{"start":{"line":3,"column":0},"end":{"line":3,"column":3}},"3":{"start":{"line":4,"column":0},"end":{"line":4,"column":49}},"4":{"start":{"line":5,"column":0},"end":{"line":5,"column":3}},"5":{"start":{"line":6,"column":0},"end":{"line":6,"column":9}},"6":{"start":{"line":7,"column":0},"end":{"line":7,"column":3}},"7":{"start":{"line":8,"column":0},"end":{"line":8,"column":56}},"8":{"start":{"line":9,"column":0},"end":{"line":9,"column":54}},"9":{"start":{"line":10,"column":0},"end":{"line":10,"column":1}}},"s":{"0":1,"1":1,"2":1,"3":1,"4":1,"5":1,"6":1,"7":1,"8":1,"9":1},"branchMap":{"0":{"type":"branch","line":8,"loc":{"start":{"line":8,"column":37},"end":{"line":10,"column":1}},"locations":[{"start":{"line":8,"column":37},"end":{"line":10,"column":1}}]}},"b":{"0":[1]},"fnMap":{"0":{"name":"capitalizeFirstLetter","decl":{"start":{"line":8,"column":37},"end":{"line":10,"column":1}},"loc":{"start":{"line":8,"column":37},"end":{"line":10,"column":1}},"line":8}},"f":{"0":1}}
}
